2017/03/16 14:10:10 [alert] 19145#0: lua_code_cache is off; this will hurt performance in /home/software/Desktop/image-server-tutorial-master/nginx.conf:11
2017/03/16 14:20:19 [alert] 19727#0: lua_code_cache is off; this will hurt performance in /home/software/Desktop/image-server-tutorial-master/nginx.conf:11
2017/03/16 14:26:05 [alert] 20421#0: lua_code_cache is off; this will hurt performance in /home/software/Desktop/image-server-tutorial-master/nginx.conf:11
2017/03/16 14:32:06 [alert] 20897#0: lua_code_cache is off; this will hurt performance in /home/software/Desktop/image-server-tutorial-master/nginx.conf:11
2017/03/16 14:33:53 [alert] 20953#0: lua_code_cache is off; this will hurt performance in /home/software/Desktop/image-server-tutorial-master/nginx.conf:11
2017/03/16 14:42:29 [alert] 21283#0: lua_code_cache is off; this will hurt performance in /home/software/Desktop/image-server-tutorial-master/nginx.conf:11
2017/03/16 14:46:02 [alert] 21492#0: lua_code_cache is off; this will hurt performance in /home/software/Desktop/image-server-tutorial-master/nginx.conf:11
2017/03/16 14:50:44 [alert] 21639#0: lua_code_cache is off; this will hurt performance in /home/software/Desktop/image-server-tutorial-master/nginx.conf:11
2017/03/16 15:06:28 [alert] 22105#0: lua_code_cache is off; this will hurt performance in /home/software/Desktop/image-server-tutorial-master/nginx.conf:11
2017/03/16 15:20:28 [alert] 23415#0: lua_code_cache is off; this will hurt performance in /home/software/Desktop/image-server-tutorial-master/nginx.conf:11
2017/03/16 15:30:01 [alert] 23864#0: lua_code_cache is off; this will hurt performance in /home/software/Desktop/image-server-tutorial-master/nginx.conf:11
2017/03/16 16:03:33 [alert] 24983#0: lua_code_cache is off; this will hurt performance in /home/software/openresty/image-server-tutorial-master/nginx.conf:11
2017/03/16 16:03:41 [alert] 24998#0: lua_code_cache is off; this will hurt performance in /home/software/openresty/image-server-tutorial-master/nginx.conf:11
2017/03/16 16:21:51 [alert] 25589#0: lua_code_cache is off; this will hurt performance in /home/software/openresty/image-server-tutorial-master/nginx.conf:11
2017/03/16 16:22:06 [alert] 25596#0: lua_code_cache is off; this will hurt performance in /home/software/openresty/image-server-tutorial-master/nginx.conf:11
2017/03/16 16:37:03 [alert] 25886#0: lua_code_cache is off; this will hurt performance in /home/software/openresty/image-server-tutorial-master/nginx.conf:11
2017/03/17 10:19:07 [alert] 10846#0: lua_code_cache is off; this will hurt performance in /home/software/openresty/image-server-tutorial-master/nginx.conf:11
2017/03/17 10:24:16 [alert] 11131#0: lua_code_cache is off; this will hurt performance in /home/software/openresty/image-server-tutorial-master/nginx.conf:11
2017/03/17 10:26:10 [alert] 11266#0: lua_code_cache is off; this will hurt performance in /home/software/openresty/image-server-tutorial-master/nginx.conf:11
2017/03/17 10:27:05 [alert] 11346#0: lua_code_cache is off; this will hurt performance in /home/software/openresty/image-server-tutorial-master/nginx.conf:11
2017/03/17 10:29:33 [alert] 11394#0: lua_code_cache is off; this will hurt performance in /home/software/openresty/image-server-tutorial-master/nginx.conf:11
2017/03/17 10:43:28 [alert] 12077#0: lua_code_cache is off; this will hurt performance in /home/software/openresty/image-server-tutorial-master/nginx.conf:11
2017/03/17 18:15:38 [alert] 18782#0: lua_code_cache is off; this will hurt performance in /home/software/openresty/image-server-tutorial-master/nginx.conf:11
2017/03/17 19:37:28 [alert] 23232#0: lua_code_cache is off; this will hurt performance in /home/software/openresty/image-server-tutorial-master/nginx.conf:11
2017/03/20 10:03:45 [alert] 5397#0: lua_code_cache is off; this will hurt performance in /home/software/openresty/image-server-tutorial-master/nginx.conf:11
2017/03/20 10:31:51 [alert] 7109#0: lua_code_cache is off; this will hurt performance in /home/software/openresty/image-server-tutorial-master/nginx.conf:11
2017/03/20 18:11:48 [alert] 25254#0: lua_code_cache is off; this will hurt performance in /home/software/openresty/image-server-tutorial-master/nginx.conf:11
2017/03/21 09:20:15 [alert] 4317#0: lua_code_cache is off; this will hurt performance in /home/software/openresty/image-server-tutorial-master/nginx.conf:11
2017/03/22 09:47:14 [alert] 7186#0: lua_code_cache is off; this will hurt performance in /home/software/openresty/image-server-tutorial-master/nginx.conf:11
2017/03/22 14:45:08 [alert] 16050#0: lua_code_cache is off; this will hurt performance in /home/software/openresty/image-server-tutorial-master/nginx.conf:11
2017/03/23 12:03:27 [alert] 10298#0: lua_code_cache is off; this will hurt performance in /home/software/openresty/image-server-tutorial-master/nginx.conf:11
2017/03/23 12:04:13 [alert] 10385#0: lua_code_cache is off; this will hurt performance in /home/software/openresty/image-server-tutorial-master/nginx.conf:11
2017/03/24 19:16:37 [alert] 28572#0: lua_code_cache is off; this will hurt performance in /home/software/openresty/image-server-tutorial-master/nginx.conf:11
2017/03/24 19:17:27 [alert] 28726#0: lua_code_cache is off; this will hurt performance in /home/software/openresty/image-server-tutorial-master/nginx.conf:11
2017/03/24 19:20:06 [alert] 28841#0: lua_code_cache is off; this will hurt performance in /home/software/openresty/image-server-tutorial-master/nginx.conf:11
2017/03/24 19:29:19 [alert] 29669#0: lua_code_cache is off; this will hurt performance in /home/software/openresty/image-server-tutorial-master/nginx.conf:11
2017/03/27 11:55:47 [alert] 7860#0: lua_code_cache is off; this will hurt performance in /home/software/openresty/image-server-tutorial-master/nginx.conf:11
2017/03/27 11:59:04 [alert] 8263#0: lua_code_cache is off; this will hurt performance in /home/software/openresty/image-server-tutorial-master/nginx.conf:11
2017/03/27 15:54:09 [alert] 18749#0: lua_code_cache is off; this will hurt performance in /home/software/openresty/image-server-tutorial-master/nginx.conf:11
2017/03/28 15:39:17 [alert] 29563#0: lua_code_cache is off; this will hurt performance in /home/software/openresty/image-server-tutorial-master/nginx.conf:11
2017/03/29 12:05:19 [alert] 10368#0: lua_code_cache is off; this will hurt performance in /home/software/openresty/image-server-tutorial-master/nginx.conf:11
2017/03/29 16:21:05 [alert] 19598#0: lua_code_cache is off; this will hurt performance in /home/software/openresty/image-server-tutorial-master/nginx.conf:11
2017/03/29 16:22:28 [alert] 19656#0: lua_code_cache is off; this will hurt performance in /home/software/openresty/image-server-tutorial-master/nginx.conf:11
2017/03/29 16:54:44 [alert] 21630#0: lua_code_cache is off; this will hurt performance in /home/software/openresty/image-server-tutorial-master/nginx.conf:11
2017/03/29 17:35:14 [alert] 22712#0: lua_code_cache is off; this will hurt performance in /home/software/openresty/image-server-tutorial-master/nginx.conf:11
2017/03/29 17:43:38 [alert] 23140#0: lua_code_cache is off; this will hurt performance in /home/software/openresty/image-server-tutorial-master/nginx.conf:11
2017/03/29 17:50:54 [alert] 23603#0: lua_code_cache is off; this will hurt performance in /home/software/openresty/image-server-tutorial-master/nginx.conf:11
2017/03/30 09:57:38 [alert] 20769#0: lua_code_cache is off; this will hurt performance in /home/software/openresty/image-server-tutorial-master/nginx.conf:11
2017/03/31 14:16:53 [alert] 29791#0: lua_code_cache is off; this will hurt performance in /home/software/openresty/image-server-tutorial-master/nginx.conf:11
2017/03/31 15:45:23 [alert] 960#0: lua_code_cache is off; this will hurt performance in /home/software/openresty/image-server-tutorial-master/nginx.conf:11
2017/04/03 10:46:46 [alert] 7933#0: lua_code_cache is off; this will hurt performance in /home/software/openresty/image-server-tutorial-master/nginx.conf:11
2017/04/03 16:03:16 [alert] 19768#0: lua_code_cache is off; this will hurt performance in /home/software/openresty/image-server-tutorial-master/nginx.conf:11
2017/04/03 16:50:51 [alert] 12049#0: lua_code_cache is off; this will hurt performance in /home/software/openresty/image-server-tutorial-master/nginx.conf:11
2017/04/03 16:56:19 [alert] 12524#0: lua_code_cache is off; this will hurt performance in /home/software/openresty/image-server-tutorial-master/nginx.conf:11
2017/04/04 10:10:33 [alert] 5865#0: lua_code_cache is off; this will hurt performance in /home/software/openresty/image-server-tutorial-master/nginx.conf:11
2017/04/04 11:53:23 [alert] 11338#0: lua_code_cache is off; this will hurt performance in /home/software/openresty/image-server-tutorial-master/nginx.conf:11
2017/04/04 13:03:28 [alert] 15344#0: lua_code_cache is off; this will hurt performance in /home/software/openresty/image-server-tutorial-master/nginx.conf:11
2017/04/04 15:30:08 [alert] 20638#0: lua_code_cache is off; this will hurt performance in /home/software/openresty/image-server-tutorial-master/nginx.conf:11
2017/04/04 16:17:44 [alert] 22815#0: lua_code_cache is off; this will hurt performance in /home/software/openresty/image-server-tutorial-master/nginx.conf:10
2017/04/04 16:32:12 [alert] 23127#0: lua_code_cache is off; this will hurt performance in /home/software/openresty/image-server-tutorial-master/nginx.conf:11
2017/04/04 19:44:12 [alert] 31523#0: lua_code_cache is off; this will hurt performance in /home/software/openresty/image-server-tutorial-master/nginx.conf:11
2017/04/04 19:45:16 [alert] 31676#0: lua_code_cache is off; this will hurt performance in /home/software/openresty/image-server-tutorial-master/nginx.conf:11
2017/04/04 19:45:27 [alert] 31688#0: lua_code_cache is off; this will hurt performance in /home/software/openresty/image-server-tutorial-master/nginx.conf:11
2017/04/04 19:45:47 [alert] 31714#0: lua_code_cache is off; this will hurt performance in /home/software/openresty/image-server-tutorial-master/nginx.conf:11
2017/04/04 19:47:00 [alert] 31833#0: lua_code_cache is off; this will hurt performance in /home/software/openresty/image-server-tutorial-master/nginx.conf:11
2017/04/04 19:49:01 [alert] 32002#0: lua_code_cache is off; this will hurt performance in /home/software/openresty/image-server-tutorial-master/nginx.conf:11
2017/04/04 19:59:10 [alert] 32678#0: lua_code_cache is off; this will hurt performance in /home/software/openresty/image-server-tutorial-master/nginx.conf:11
2017/04/05 10:22:43 [alert] 21637#0: lua_code_cache is off; this will hurt performance in /home/software/openresty/image-server-tutorial-master/nginx.conf:11
2017/04/05 10:34:58 [alert] 21910#0: lua_code_cache is off; this will hurt performance in /home/software/openresty/image-server-tutorial-master/nginx.conf:11
2017/04/05 11:40:06 [alert] 25904#0: lua_code_cache is off; this will hurt performance in /home/software/openresty/image-server-tutorial-master/nginx.conf:11
2017/04/06 10:15:40 [alert] 5439#0: lua_code_cache is off; this will hurt performance in /home/software/openresty/image-server-tutorial-master/nginx.conf:11
2017/04/07 14:51:16 [alert] 18436#0: lua_code_cache is off; this will hurt performance in /home/software/openresty/image-server-tutorial-master/nginx.conf:11
2017/04/07 15:21:28 [alert] 19692#0: lua_code_cache is off; this will hurt performance in /home/software/openresty/image-server-tutorial-master/nginx.conf:11
2017/04/07 15:21:53 [alert] 19751#0: lua_code_cache is off; this will hurt performance in /home/software/openresty/image-server-tutorial-master/nginx.conf:11
2017/04/07 15:24:09 [alert] 19833#0: lua_code_cache is off; this will hurt performance in /home/software/openresty/image-server-tutorial-master/nginx.conf:11
2017/04/07 15:38:18 [alert] 20172#0: lua_code_cache is off; this will hurt performance in /home/software/openresty/image-server-tutorial-master/nginx.conf:11
2017/04/07 15:39:41 [alert] 20335#0: lua_code_cache is off; this will hurt performance in /home/software/openresty/image-server-tutorial-master/nginx.conf:11
2017/04/07 16:39:43 [alert] 23649#0: lua_code_cache is off; this will hurt performance in /home/software/openresty/image-server-tutorial-master/nginx.conf:11
2017/04/07 16:40:56 [alert] 23760#0: lua_code_cache is off; this will hurt performance in /home/software/openresty/image-server-tutorial-master/nginx.conf:11
2017/04/07 16:42:11 [alert] 23875#0: lua_code_cache is off; this will hurt performance in /home/software/openresty/image-server-tutorial-master/nginx.conf:11
2017/04/07 16:46:34 [alert] 24785#0: lua_code_cache is off; this will hurt performance in /home/software/openresty/image-server-tutorial-master/nginx.conf:11
2017/04/07 16:47:41 [alert] 24890#0: lua_code_cache is off; this will hurt performance in /home/software/openresty/image-server-tutorial-master/nginx.conf:11
2017/04/07 16:50:13 [alert] 25118#0: lua_code_cache is off; this will hurt performance in /home/software/openresty/image-server-tutorial-master/nginx.conf:11
2017/04/10 10:25:49 [alert] 5205#0: lua_code_cache is off; this will hurt performance in /home/software/openresty/image-server-tutorial-master/nginx.conf:11
2017/04/10 10:40:28 [alert] 6912#0: lua_code_cache is off; this will hurt performance in /home/software/openresty/image-server-tutorial-master/nginx.conf:11
2017/04/10 11:27:18 [alert] 10071#0: lua_code_cache is off; this will hurt performance in /home/software/openresty/image-server-tutorial-master/nginx.conf:11
2017/04/11 09:53:27 [alert] 5910#0: lua_code_cache is off; this will hurt performance in /home/software/openresty/image-server-tutorial-master/nginx.conf:11
2017/04/12 10:21:44 [alert] 4720#0: lua_code_cache is off; this will hurt performance in /home/software/openresty/image-server-tutorial-master/nginx.conf:11
2017/04/13 09:40:54 [alert] 5155#0: lua_code_cache is off; this will hurt performance in /home/software/openresty/image-server-tutorial-master/nginx.conf:11
2017/04/13 15:31:24 [alert] 26998#0: lua_code_cache is off; this will hurt performance in /home/software/openresty/image-server-tutorial-master/nginx.conf:11
2017/04/14 09:33:23 [alert] 5348#0: lua_code_cache is off; this will hurt performance in /home/software/openresty/image-server-tutorial-master/nginx.conf:11
2017/04/17 09:56:01 [alert] 4874#0: lua_code_cache is off; this will hurt performance in /home/software/openresty/image-server-tutorial-master/nginx.conf:11
2017/04/19 10:01:21 [alert] 4857#0: lua_code_cache is off; this will hurt performance in /home/software/openresty/image-server-tutorial-master/nginx.conf:11
2017/04/20 15:24:10 [alert] 12185#0: lua_code_cache is off; this will hurt performance in /home/software/openresty/image-server-tutorial-master/nginx.conf:11
2017/04/21 10:12:10 [alert] 5686#0: lua_code_cache is off; this will hurt performance in /home/software/openresty/image-server-tutorial-master/nginx.conf:11
2017/04/24 11:45:18 [alert] 10366#0: lua_code_cache is off; this will hurt performance in /home/software/openresty/image-server-tutorial-master/nginx.conf:11
2017/04/25 10:27:43 [alert] 25624#0: lua_code_cache is off; this will hurt performance in /home/software/openresty/image-server-tutorial-master/nginx.conf:11
2017/04/26 15:06:58 [alert] 7887#0: lua_code_cache is off; this will hurt performance in /home/software/openresty/image-server-tutorial-master/nginx.conf:11
2017/04/26 15:35:08 [alert] 16211#0: lua_code_cache is off; this will hurt performance in /home/software/openresty/image-server-tutorial-master/nginx.conf:11
2017/04/26 16:21:56 [alert] 26568#0: lua_code_cache is off; this will hurt performance in /home/software/openresty/image-server-tutorial-master/nginx.conf:11
2017/04/27 11:28:35 [alert] 11854#0: lua_code_cache is off; this will hurt performance in /home/software/openresty/image-server-tutorial-master/nginx.conf:11
2017/04/28 16:09:41 [alert] 22075#0: lua_code_cache is off; this will hurt performance in /home/software/openresty/image-server-tutorial-master/nginx.conf:11
2017/05/01 15:36:58 [alert] 17568#0: lua_code_cache is off; this will hurt performance in /home/software/openresty/image-server-tutorial-master/nginx.conf:11
2017/05/03 15:02:54 [alert] 16926#0: lua_code_cache is off; this will hurt performance in /home/software/openresty/image-server-tutorial-master/nginx.conf:11
2017/05/05 17:02:45 [alert] 29166#0: lua_code_cache is off; this will hurt performance in /home/software/openresty/image-server-tutorial-master/nginx.conf:11
2017/05/10 17:25:17 [alert] 30529#0: lua_code_cache is off; this will hurt performance in /home/software/openresty/image-server-tutorial-master/nginx.conf:11
2017/05/10 17:28:06 [alert] 30726#0: lua_code_cache is off; this will hurt performance in /home/software/openresty/image-server-tutorial-master/nginx.conf:11
2017/05/10 17:28:53 [alert] 30790#0: lua_code_cache is off; this will hurt performance in /home/software/openresty/image-server-tutorial-master/nginx.conf:11
2017/05/10 18:53:53 [alert] 4413#0: lua_code_cache is off; this will hurt performance in /home/software/openresty/image-server-tutorial-master/nginx.conf:11
2017/05/10 19:30:26 [alert] 6904#0: lua_code_cache is off; this will hurt performance in /home/software/openresty/image-server-tutorial-master/nginx.conf:11
2017/05/12 15:24:16 [alert] 23371#0: lua_code_cache is off; this will hurt performance in /home/software/openresty/image-server-tutorial-master/nginx.conf:11
2017/05/19 17:26:06 [alert] 27057#0: lua_code_cache is off; this will hurt performance in /home/software/openresty/image-server-tutorial-master/nginx.conf:11
2017/05/23 11:31:14 [alert] 26853#0: lua_code_cache is off; this will hurt performance in /home/software/openresty/image-server-tutorial-master/nginx.conf:11
2017/05/23 18:49:00 [alert] 27532#0: lua_code_cache is off; this will hurt performance in /home/software/openresty/image-server-tutorial-master/nginx.conf:11
2017/05/23 19:13:46 [alert] 3488#0: lua_code_cache is off; this will hurt performance in /home/software/openresty/image-server-tutorial-master/nginx.conf:11
2017/05/24 11:47:48 [alert] 13704#0: lua_code_cache is off; this will hurt performance in /home/software/openresty/image-server-tutorial-master/nginx.conf:11
2017/05/25 10:28:18 [alert] 4818#0: lua_code_cache is off; this will hurt performance in /home/software/openresty/image-server-tutorial-master/nginx.conf:11
2017/05/26 10:43:10 [alert] 18500#0: lua_code_cache is off; this will hurt performance in /home/software/openresty/image-server-tutorial-master/nginx.conf:11
2017/05/26 18:24:05 [alert] 24336#0: lua_code_cache is off; this will hurt performance in /home/software/openresty/image-server-tutorial-master/nginx.conf:11
2017/05/26 18:26:22 [alert] 24503#0: lua_code_cache is off; this will hurt performance in /home/software/openresty/image-server-tutorial-master/nginx.conf:11
2017/05/31 18:35:33 [alert] 29836#0: lua_code_cache is off; this will hurt performance in /home/software/openresty/image-server-tutorial-master/nginx.conf:11
2017/05/31 19:33:29 [alert] 1737#0: lua_code_cache is off; this will hurt performance in /home/software/openresty/image-server-tutorial-master/nginx.conf:11
2017/06/01 10:32:10 [alert] 9990#0: lua_code_cache is off; this will hurt performance in /home/software/openresty/image-server-tutorial-master/nginx.conf:11
2017/06/02 11:35:33 [alert] 9988#0: lua_code_cache is off; this will hurt performance in /home/software/openresty/image-server-tutorial-master/nginx.conf:11
2017/06/05 11:26:34 [alert] 9792#0: lua_code_cache is off; this will hurt performance in /home/software/openresty/image-server-tutorial-master/nginx.conf:11
2017/06/05 13:08:19 [alert] 19436#0: lua_code_cache is off; this will hurt performance in /home/software/openresty/image-server-tutorial-master/nginx.conf:11
2017/06/05 13:11:55 [alert] 19977#0: lua_code_cache is off; this will hurt performance in /home/software/openresty/image-server-tutorial-master/nginx.conf:11
2017/06/05 15:16:34 [alert] 16992#0: lua_code_cache is off; this will hurt performance in /home/software/openresty/image-server-tutorial-master/nginx.conf:11
2017/06/05 20:09:25 [alert] 14428#0: lua_code_cache is off; this will hurt performance in /home/software/openresty/image-server-tutorial-master/nginx.conf:11
2017/06/06 12:40:27 [alert] 18120#0: lua_code_cache is off; this will hurt performance in /home/software/openresty/image-server-tutorial-master/nginx.conf:11
2017/06/06 19:37:19 [alert] 5048#0: lua_code_cache is off; this will hurt performance in /home/software/openresty/image-server-tutorial-master/nginx.conf:11
2017/06/06 19:39:47 [alert] 5512#0: lua_code_cache is off; this will hurt performance in /home/software/openresty/image-server-tutorial-master/nginx.conf:11
2017/06/06 19:41:09 [alert] 5720#0: lua_code_cache is off; this will hurt performance in /home/software/openresty/image-server-tutorial-master/nginx.conf:11
2017/06/06 19:41:44 [alert] 5847#0: lua_code_cache is off; this will hurt performance in /home/software/openresty/image-server-tutorial-master/nginx.conf:11
2017/06/06 19:45:39 [alert] 6743#0: lua_code_cache is off; this will hurt performance in /home/software/openresty/image-server-tutorial-master/nginx.conf:11
2017/06/07 09:34:09 [alert] 22540#0: lua_code_cache is off; this will hurt performance in /home/software/openresty/image-server-tutorial-master/nginx.conf:11
2017/06/08 12:25:24 [alert] 25044#0: lua_code_cache is off; this will hurt performance in /home/software/openresty/image-server-tutorial-master/nginx.conf:11
2017/06/08 12:34:08 [alert] 1704#0: lua_code_cache is off; this will hurt performance in /home/software/openresty/image-server-tutorial-master/nginx.conf:11
2017/06/08 12:37:35 [alert] 4420#0: lua_code_cache is off; this will hurt performance in /home/software/openresty/image-server-tutorial-master/nginx.conf:11
2017/06/08 12:45:41 [alert] 10296#0: lua_code_cache is off; this will hurt performance in /home/software/openresty/image-server-tutorial-master/nginx.conf:11
2017/06/08 13:03:25 [alert] 24433#0: lua_code_cache is off; this will hurt performance in /home/software/openresty/image-server-tutorial-master/nginx.conf:11
2017/06/08 13:07:43 [alert] 2229#0: lua_code_cache is off; this will hurt performance in /home/software/openresty/image-server-tutorial-master/nginx.conf:11
2017/06/08 18:45:13 [alert] 19238#0: lua_code_cache is off; this will hurt performance in /home/software/openresty/image-server-tutorial-master/nginx.conf:11
2017/06/08 18:50:53 [alert] 21723#0: lua_code_cache is off; this will hurt performance in /home/software/openresty/image-server-tutorial-master/nginx.conf:11
2017/06/08 18:52:11 [alert] 23867#0: lua_code_cache is off; this will hurt performance in /home/software/openresty/image-server-tutorial-master/nginx.conf:11
2017/06/09 09:58:32 [alert] 23909#0: lua_code_cache is off; this will hurt performance in /home/software/openresty/image-server-tutorial-master/nginx.conf:11
2017/06/09 16:31:53 [alert] 7827#0: lua_code_cache is off; this will hurt performance in /home/software/openresty/image-server-tutorial-master/nginx.conf:11
2017/06/12 17:37:28 [alert] 8737#0: lua_code_cache is off; this will hurt performance in /home/software/openresty/image-server-tutorial-master/nginx.conf:11
2017/06/13 18:34:51 [alert] 1605#0: lua_code_cache is off; this will hurt performance in /home/software/openresty/image-server-tutorial-master/nginx.conf:11
2017/06/14 11:35:01 [alert] 11316#0: lua_code_cache is off; this will hurt performance in /home/software/openresty/image-server-tutorial-master/nginx.conf:11
2017/06/14 22:01:17 [alert] 4885#0: lua_code_cache is off; this will hurt performance in /home/software/openresty-lua/nginx.conf:11
2017/06/14 22:01:57 [alert] 4994#0: lua_code_cache is off; this will hurt performance in /home/software/openresty-lua/nginx.conf:11
2017/06/14 22:02:41 [alert] 5055#0: lua_code_cache is off; this will hurt performance in /home/software/openresty-lua/nginx.conf:11
2017/06/15 10:17:27 [alert] 4235#0: lua_code_cache is off; this will hurt performance in /home/software/openresty-lua/nginx.conf:11
2017/06/19 09:05:44 [emerg] 1#1: "daemon" directive is duplicate in /app/nginx.conf:2
2017/06/19 09:06:14 [alert] 1#1: lua_code_cache is off; this will hurt performance in /app/nginx.conf:11
2017/06/19 09:06:48 [alert] 1#1: lua_code_cache is off; this will hurt performance in /app/nginx.conf:11
2017/06/19 14:37:29 [alert] 16801#0: lua_code_cache is off; this will hurt performance in /home/software/openresty-lua/nginx.conf:11
2017/06/20 15:56:14 [alert] 15477#0: lua_code_cache is off; this will hurt performance in /home/software/openresty-lua/nginx.conf:11
2017/06/22 09:40:00 [alert] 4743#0: lua_code_cache is off; this will hurt performance in /home/software/openresty-lua/nginx.conf:11
2017/06/23 14:59:19 [alert] 13595#0: lua_code_cache is off; this will hurt performance in /home/software/openresty-lua/nginx.conf:11
2017/06/29 12:29:46 [alert] 8401#0: lua_code_cache is off; this will hurt performance in /home/software/openresty-lua/nginx.conf:11
2017/06/29 12:44:38 [alert] 9175#0: lua_code_cache is off; this will hurt performance in /home/software/openresty-lua/nginx.conf:11
2017/06/29 12:45:25 [alert] 9271#0: lua_code_cache is off; this will hurt performance in /home/software/openresty-lua/nginx.conf:11
2017/06/29 12:55:46 [alert] 9603#0: lua_code_cache is off; this will hurt performance in /home/software/openresty-lua/nginx.conf:11
2017/06/29 13:09:53 [alert] 10291#0: lua_code_cache is off; this will hurt performance in /home/software/openresty-lua/nginx.conf:11
2017/06/29 14:50:11 [alert] 12856#0: lua_code_cache is off; this will hurt performance in /home/software/openresty-lua/nginx.conf:11
2017/06/29 18:59:18 [alert] 22982#0: lua_code_cache is off; this will hurt performance in /home/software/openresty-lua/nginx.conf:11
2017/06/29 18:59:18 [emerg] 22982#0: unknown directive "if($arg_tshirt)" in /home/software/openresty-lua/nginx.conf:20
2017/06/29 19:04:38 [alert] 23399#0: lua_code_cache is off; this will hurt performance in /home/software/openresty-lua/nginx.conf:11
2017/06/29 19:04:38 [emerg] 23399#0: unknown directive "if($1)" in /home/software/openresty-lua/nginx.conf:20
2017/06/29 19:07:24 [alert] 23533#0: lua_code_cache is off; this will hurt performance in /home/software/openresty-lua/nginx.conf:11
2017/06/29 19:07:24 [emerg] 23533#0: pcre_compile() failed: nothing to repeat in "^/images/(?<sig>[^/]+)/(?<size>[^/]+)/(?<path>.*\.(?<ext>[a-z_]*))$?tshirt" at "?tshirt" in /home/software/openresty-lua/nginx.conf:17
2017/06/29 19:07:45 [alert] 23558#0: lua_code_cache is off; this will hurt performance in /home/software/openresty-lua/nginx.conf:11
2017/06/29 19:07:45 [emerg] 23558#0: pcre_compile() failed: nothing to repeat in "^/images/(?<sig>[^/]+)/(?<size>[^/]+)/(?<path>.*\.(?<ext>[a-z_]*))$?tshirt=1" at "?tshirt=1" in /home/software/openresty-lua/nginx.conf:17
2017/06/29 19:07:50 [alert] 23599#0: lua_code_cache is off; this will hurt performance in /home/software/openresty-lua/nginx.conf:11
2017/06/29 19:32:14 [alert] 24435#0: lua_code_cache is off; this will hurt performance in /home/software/openresty-lua/nginx.conf:11
2017/06/29 19:35:51 [alert] 24701#0: lua_code_cache is off; this will hurt performance in /home/software/openresty-lua/nginx.conf:11
2017/06/29 19:36:28 [alert] 24775#0: lua_code_cache is off; this will hurt performance in /home/software/openresty-lua/nginx.conf:11
2017/06/29 19:52:35 [alert] 25330#0: lua_code_cache is off; this will hurt performance in /home/software/openresty-lua/nginx.conf:11
2017/06/29 19:53:22 [alert] 25398#0: lua_code_cache is off; this will hurt performance in /home/software/openresty-lua/nginx.conf:11
2017/06/29 19:58:31 [alert] 25646#0: lua_code_cache is off; this will hurt performance in /home/software/openresty-lua/nginx.conf:11
2017/06/29 19:58:44 [alert] 25668#0: lua_code_cache is off; this will hurt performance in /home/software/openresty-lua/nginx.conf:11
2017/06/29 20:01:01 [alert] 25783#0: lua_code_cache is off; this will hurt performance in /home/software/openresty-lua/nginx.conf:11
2017/06/29 20:18:16 [alert] 26380#0: lua_code_cache is off; this will hurt performance in /home/software/openresty-lua/nginx.conf:11
2017/06/29 20:18:54 [alert] 26475#0: lua_code_cache is off; this will hurt performance in /home/software/openresty-lua/nginx.conf:11
2017/06/29 20:21:09 [alert] 26670#0: lua_code_cache is off; this will hurt performance in /home/software/openresty-lua/nginx.conf:11
2017/06/29 20:22:48 [alert] 26814#0: lua_code_cache is off; this will hurt performance in /home/software/openresty-lua/nginx.conf:11
2017/06/29 20:23:56 [alert] 26878#0: lua_code_cache is off; this will hurt performance in /home/software/openresty-lua/nginx.conf:11
2017/06/29 20:26:58 [alert] 27107#0: lua_code_cache is off; this will hurt performance in /home/software/openresty-lua/nginx.conf:11
2017/06/30 12:17:24 [alert] 9794#0: lua_code_cache is off; this will hurt performance in /home/software/openresty-lua/nginx.conf:11
2017/07/03 10:55:34 [alert] 4760#0: lua_code_cache is off; this will hurt performance in /home/software/openresty-lua/nginx.conf:11
2017/07/05 10:36:25 [alert] 14049#0: lua_code_cache is off; this will hurt performance in /home/software/openresty-lua/nginx.conf:11
2017/07/05 12:12:33 [alert] 17833#0: lua_code_cache is off; this will hurt performance in /home/software/openresty-lua/nginx.conf:11
2017/07/05 12:59:42 [alert] 20435#0: lua_code_cache is off; this will hurt performance in /home/software/openresty-lua/nginx.conf:11
2017/07/05 13:18:25 [alert] 21418#0: lua_code_cache is off; this will hurt performance in /home/software/openresty-lua/nginx.conf:11
2017/07/05 13:19:22 [alert] 21481#0: lua_code_cache is off; this will hurt performance in /home/software/openresty-lua/nginx.conf:11
2017/07/05 15:33:10 [alert] 26470#0: lua_code_cache is off; this will hurt performance in /home/software/openresty-lua/nginx.conf:11
2017/07/05 15:35:03 [alert] 26569#0: lua_code_cache is off; this will hurt performance in /home/software/openresty-lua/nginx.conf:11
2017/07/05 15:35:15 [alert] 26594#0: lua_code_cache is off; this will hurt performance in /home/software/openresty-lua/nginx.conf:11
2017/07/06 10:08:06 [alert] 5999#0: lua_code_cache is off; this will hurt performance in /home/software/openresty-lua/nginx.conf:11
2017/07/06 15:05:02 [alert] 6099#0: lua_code_cache is off; this will hurt performance in /home/software/openresty-lua/nginx.conf:11
2017/07/06 15:07:39 [alert] 18480#0: lua_code_cache is off; this will hurt performance in /home/software/openresty-lua/nginx.conf:11
2017/07/26 17:13:10 [alert] 16839#0: lua_code_cache is off; this will hurt performance in /home/software/openresty-lua/nginx.conf:11
2017/07/28 11:13:37 [alert] 6637#0: lua_code_cache is off; this will hurt performance in /home/software/openresty-lua/nginx.conf:11
2017/07/28 12:20:03 [alert] 12151#0: lua_code_cache is off; this will hurt performance in /home/software/openresty-lua/nginx.conf:11
2017/07/28 13:35:06 [alert] 15827#0: lua_code_cache is off; this will hurt performance in /home/software/openresty-lua/nginx.conf:11
2017/07/31 10:13:55 [alert] 4133#0: lua_code_cache is off; this will hurt performance in /home/software/openresty-lua/nginx.conf:11
2017/07/31 10:51:30 [alert] 6935#0: lua_code_cache is off; this will hurt performance in /home/software/openresty-lua/nginx.conf:11
2017/07/31 11:08:03 [alert] 8344#0: lua_code_cache is off; this will hurt performance in /home/software/openresty-lua/nginx.conf:11
2017/07/31 12:31:41 [alert] 13074#0: lua_code_cache is off; this will hurt performance in /home/software/openresty-lua/nginx.conf:11
2017/07/31 12:37:23 [alert] 13442#0: lua_code_cache is off; this will hurt performance in /home/software/openresty-lua/nginx.conf:11
2017/07/31 12:38:01 [alert] 13485#0: lua_code_cache is off; this will hurt performance in /home/software/openresty-lua/nginx.conf:11
2017/07/31 12:39:05 [alert] 13671#0: lua_code_cache is off; this will hurt performance in /home/software/openresty-lua/nginx.conf:11
2017/07/31 12:39:25 [alert] 13720#0: lua_code_cache is off; this will hurt performance in /home/software/openresty-lua/nginx.conf:11
2017/07/31 12:56:02 [alert] 14342#0: lua_code_cache is off; this will hurt performance in /home/software/openresty-lua/nginx.conf:11
2017/07/31 12:57:51 [alert] 14522#0: lua_code_cache is off; this will hurt performance in /home/software/openresty-lua/nginx.conf:11
2017/07/31 13:00:39 [alert] 14711#0: lua_code_cache is off; this will hurt performance in /home/software/openresty-lua/nginx.conf:11
2017/07/31 13:08:09 [alert] 15147#0: lua_code_cache is off; this will hurt performance in /home/software/openresty-lua/nginx.conf:11
2017/07/31 14:31:44 [alert] 18301#0: lua_code_cache is off; this will hurt performance in /home/software/openresty-lua/nginx.conf:11
2017/07/31 14:31:44 [emerg] 18301#0: invalid number of arguments in "location" directive in /home/software/openresty-lua/nginx.conf:42
2017/07/31 14:32:33 [alert] 18356#0: lua_code_cache is off; this will hurt performance in /home/software/openresty-lua/nginx.conf:11
2017/07/31 14:32:33 [emerg] 18356#0: invalid number of arguments in "location" directive in /home/software/openresty-lua/nginx.conf:42
2017/07/31 14:33:08 [alert] 18390#0: lua_code_cache is off; this will hurt performance in /home/software/openresty-lua/nginx.conf:11
2017/07/31 14:41:04 [alert] 19046#0: lua_code_cache is off; this will hurt performance in /home/software/openresty-lua/nginx.conf:11
2017/07/31 14:50:15 [alert] 19526#0: lua_code_cache is off; this will hurt performance in /home/software/openresty-lua/nginx.conf:11
2017/07/31 15:44:11 [alert] 22481#0: lua_code_cache is off; this will hurt performance in /home/software/openresty-lua/nginx.conf:11
2017/07/31 16:56:12 [alert] 5220#0: lua_code_cache is off; this will hurt performance in /home/software/openresty-lua/nginx.conf:11
2017/07/31 16:57:02 [alert] 7376#0: lua_code_cache is off; this will hurt performance in /home/software/openresty-lua/nginx.conf:11
2017/07/31 16:58:02 [alert] 9503#0: lua_code_cache is off; this will hurt performance in /home/software/openresty-lua/nginx.conf:11
2017/07/31 17:04:32 [alert] 14001#0: lua_code_cache is off; this will hurt performance in /home/software/openresty-lua/nginx.conf:11
2017/08/01 10:13:41 [alert] 4612#0: lua_code_cache is off; this will hurt performance in /home/software/openresty-lua/nginx.conf:11
2017/08/08 10:33:29 [alert] 4413#0: lua_code_cache is off; this will hurt performance in /home/software/openresty-lua/nginx.conf:11
2017/08/12 11:07:00 [alert] 4639#0: lua_code_cache is off; this will hurt performance in /home/software/openresty-lua/nginx.conf:11
2017/08/14 09:45:40 [alert] 5028#0: lua_code_cache is off; this will hurt performance in /home/software/openresty-lua/nginx.conf:11
2017/08/16 15:22:02 [alert] 9951#0: lua_code_cache is off; this will hurt performance in /home/software/openresty-lua/nginx.conf:11
2017/08/16 15:24:26 [alert] 10045#0: lua_code_cache is off; this will hurt performance in /home/software/openresty-lua/nginx.conf:11
2017/08/21 15:23:15 [alert] 5640#0: lua_code_cache is off; this will hurt performance in /home/software/openresty-lua/nginx.conf:11
2017/08/21 17:38:57 [alert] 9764#0: lua_code_cache is off; this will hurt performance in /home/software/openresty-lua/nginx.conf:11
2017/08/21 17:40:03 [alert] 9925#0: lua_code_cache is off; this will hurt performance in /home/software/openresty-lua/nginx.conf:11
2017/08/21 17:54:02 [alert] 10657#0: lua_code_cache is off; this will hurt performance in /home/software/openresty-lua/nginx.conf:11
2017/08/21 17:56:15 [alert] 10749#0: lua_code_cache is off; this will hurt performance in /home/software/openresty-lua/nginx.conf:11
2017/08/21 17:57:17 [alert] 10821#0: lua_code_cache is off; this will hurt performance in /home/software/openresty-lua/nginx.conf:11
2017/08/21 18:05:10 [alert] 11096#0: lua_code_cache is off; this will hurt performance in /home/software/openresty-lua/nginx.conf:11
2017/08/21 18:05:10 [emerg] 11096#0: unknown "height" variable
2017/08/21 18:13:44 [alert] 11359#0: lua_code_cache is off; this will hurt performance in /home/software/openresty-lua/nginx.conf:11
2017/08/21 18:14:38 [alert] 11475#0: lua_code_cache is off; this will hurt performance in /home/software/openresty-lua/nginx.conf:11
2017/08/22 10:04:15 [alert] 5315#0: lua_code_cache is off; this will hurt performance in /home/software/openresty-lua/nginx.conf:11
2017/08/28 11:47:07 [alert] 7508#0: lua_code_cache is off; this will hurt performance in /home/software/openresty-lua/nginx.conf:11
2017/08/28 11:50:15 [alert] 3598#0: lua_code_cache is off; this will hurt performance in /home/software/openresty-lua/nginx.conf:11
2017/08/28 11:58:22 [alert] 3903#0: lua_code_cache is off; this will hurt performance in /home/software/openresty-lua/nginx.conf:11
2017/08/28 12:14:49 [alert] 4367#0: lua_code_cache is off; this will hurt performance in /home/software/openresty-lua/nginx.conf:11
2017/08/28 12:17:32 [alert] 4595#0: lua_code_cache is off; this will hurt performance in /home/software/openresty-lua/nginx.conf:11
2017/08/28 12:40:19 [alert] 5250#0: lua_code_cache is off; this will hurt performance in /home/software/openresty-lua/nginx.conf:11
2017/08/28 12:57:23 [alert] 6021#0: lua_code_cache is off; this will hurt performance in /home/software/openresty-lua/nginx.conf:11
2017/08/28 13:05:43 [alert] 6312#0: lua_code_cache is off; this will hurt performance in /home/software/openresty-lua/nginx.conf:11
2017/08/28 14:44:55 [alert] 9652#0: lua_code_cache is off; this will hurt performance in /home/software/openresty-lua/nginx.conf:11
2017/08/29 09:58:25 [alert] 5489#0: lua_code_cache is off; this will hurt performance in /home/software/openresty-lua/nginx.conf:11
2017/08/29 14:37:27 [alert] 9174#0: lua_code_cache is off; this will hurt performance in /home/software/openresty-lua/nginx.conf:11
2017/08/29 15:18:37 [alert] 3725#0: lua_code_cache is off; this will hurt performance in /home/software/openresty-lua/nginx.conf:11
2017/08/30 09:53:25 [alert] 4975#0: lua_code_cache is off; this will hurt performance in /home/software/openresty-lua/nginx.conf:11
2017/08/30 17:38:52 [alert] 21674#0: lua_code_cache is off; this will hurt performance in /home/software/openresty-lua/nginx.conf:11
2017/08/30 17:40:10 [alert] 21849#0: lua_code_cache is off; this will hurt performance in /home/software/openresty-lua/nginx.conf:11
2017/08/30 18:22:18 [alert] 24215#0: lua_code_cache is off; this will hurt performance in /home/software/openresty-lua/nginx.conf:11
2017/08/31 09:38:18 [alert] 4718#0: lua_code_cache is off; this will hurt performance in /home/software/openresty-lua/nginx.conf:11
2017/08/31 11:58:35 [alert] 13088#0: lua_code_cache is off; this will hurt performance in /home/software/openresty-lua/nginx.conf:11
2017/08/31 12:00:22 [alert] 13268#0: lua_code_cache is off; this will hurt performance in /home/software/openresty-lua/nginx.conf:11
2017/08/31 13:32:43 [alert] 20342#0: lua_code_cache is off; this will hurt performance in /home/software/openresty-lua/nginx.conf:11
2017/08/31 17:16:28 [alert] 29646#0: lua_code_cache is off; this will hurt performance in /home/software/openresty-lua/nginx.conf:11
2017/09/01 10:14:59 [alert] 4646#0: lua_code_cache is off; this will hurt performance in /home/software/openresty-lua/nginx.conf:11
2017/09/01 11:57:33 [alert] 6732#0: lua_code_cache is off; this will hurt performance in /home/software/openresty-lua/nginx.conf:11
2017/09/01 12:00:09 [alert] 6864#0: lua_code_cache is off; this will hurt performance in /home/software/openresty-lua/nginx.conf:11
2017/09/01 12:07:17 [alert] 7236#0: lua_code_cache is off; this will hurt performance in /home/software/openresty-lua/nginx.conf:11
2017/09/01 12:23:28 [alert] 7955#0: lua_code_cache is off; this will hurt performance in /home/software/openresty-lua/nginx.conf:11
2017/09/01 12:29:36 [alert] 8134#0: lua_code_cache is off; this will hurt performance in /home/software/openresty-lua/nginx.conf:11
2017/09/01 12:31:16 [alert] 8212#0: lua_code_cache is off; this will hurt performance in /home/software/openresty-lua/nginx.conf:11
2017/09/04 14:48:22 [alert] 9124#0: lua_code_cache is off; this will hurt performance in /home/software/openresty-lua/nginx.conf:11
2017/09/04 15:23:59 [alert] 5168#0: lua_code_cache is off; this will hurt performance in /home/software/openresty-lua/nginx.conf:11
2017/09/04 16:11:38 [alert] 5452#0: lua_code_cache is off; this will hurt performance in /home/software/openresty-lua/nginx.conf:11
2017/09/04 16:19:28 [alert] 6043#0: lua_code_cache is off; this will hurt performance in /home/software/openresty-lua/nginx.conf:11
2017/09/04 16:21:03 [alert] 6122#0: lua_code_cache is off; this will hurt performance in /home/software/openresty-lua/nginx.conf:11
2017/09/04 16:28:54 [alert] 6831#0: lua_code_cache is off; this will hurt performance in /home/software/openresty-lua/nginx.conf:11
2017/09/05 10:02:09 [alert] 6102#0: lua_code_cache is off; this will hurt performance in /home/software/openresty-lua/nginx.conf:11
2017/09/05 10:10:15 [alert] 6994#0: lua_code_cache is off; this will hurt performance in /home/software/openresty-lua/nginx.conf:11
2017/09/05 10:15:16 [alert] 7322#0: lua_code_cache is off; this will hurt performance in /home/software/openresty-lua/nginx.conf:11
2017/09/05 10:19:21 [alert] 7486#0: lua_code_cache is off; this will hurt performance in /home/software/openresty-lua/nginx.conf:11
2017/09/05 11:08:28 [alert] 8871#0: lua_code_cache is off; this will hurt performance in /home/software/openresty-lua/nginx.conf:11
2017/09/06 13:45:03 [alert] 6997#0: lua_code_cache is off; this will hurt performance in /home/software/openresty-lua/nginx.conf:11
2017/09/07 09:52:38 [alert] 5220#0: lua_code_cache is off; this will hurt performance in /home/software/openresty-lua/nginx.conf:11
2017/09/07 10:31:20 [alert] 4205#0: lua_code_cache is off; this will hurt performance in /home/software/openresty-lua/nginx.conf:11
2017/09/07 11:09:39 [alert] 7130#0: lua_code_cache is off; this will hurt performance in /home/software/openresty-lua/nginx.conf:11
2017/09/08 09:44:51 [alert] 5174#0: lua_code_cache is off; this will hurt performance in /home/software/openresty-lua/nginx.conf:11
2017/09/11 10:09:16 [alert] 6113#0: lua_code_cache is off; this will hurt performance in /home/software/openresty-lua/nginx.conf:11
2017/09/13 10:09:52 [alert] 6059#0: lua_code_cache is off; this will hurt performance in /home/software/openresty-lua/nginx.conf:11
2017/09/13 16:34:34 [alert] 21167#0: lua_code_cache is off; this will hurt performance in /home/software/openresty-lua/nginx.conf:11
2017/09/13 16:35:21 [alert] 21262#0: lua_code_cache is off; this will hurt performance in /home/software/openresty-lua/nginx.conf:11
2017/09/13 16:36:46 [alert] 21370#0: lua_code_cache is off; this will hurt performance in /home/software/openresty-lua/nginx.conf:11
2017/09/13 16:41:25 [alert] 21727#0: lua_code_cache is off; this will hurt performance in /home/software/openresty-lua/nginx.conf:11
2017/09/13 16:41:25 [emerg] 21727#0: unknown directive "/home/software/openresty-lua/html/user-uploaded-images/$1" in /home/software/openresty-lua/nginx.conf:71
2017/09/13 16:41:30 [alert] 21741#0: lua_code_cache is off; this will hurt performance in /home/software/openresty-lua/nginx.conf:11
2017/09/13 16:41:30 [emerg] 21741#0: unknown directive "home/software/openresty-lua/html/user-uploaded-images/$1" in /home/software/openresty-lua/nginx.conf:71
2017/09/13 16:42:51 [alert] 21810#0: lua_code_cache is off; this will hurt performance in /home/software/openresty-lua/nginx.conf:11
2017/09/13 16:42:51 [emerg] 21810#0: invalid number of arguments in "try_files" directive in /home/software/openresty-lua/nginx.conf:72
2017/09/13 16:43:08 [alert] 21837#0: lua_code_cache is off; this will hurt performance in /home/software/openresty-lua/nginx.conf:11
2017/09/13 16:44:57 [alert] 22077#0: lua_code_cache is off; this will hurt performance in /home/software/openresty-lua/nginx.conf:11
2017/09/14 13:45:16 [alert] 2364#0: lua_code_cache is off; this will hurt performance in /home/software/openresty-lua/nginx.conf:11
2017/09/14 15:31:12 [alert] 4073#0: lua_code_cache is off; this will hurt performance in /home/software/openresty-lua/nginx.conf:11
2017/09/15 08:43:00 [alert] 4721#0: lua_code_cache is off; this will hurt performance in /home/software/openresty-lua/nginx.conf:11
2017/09/15 13:04:55 [alert] 18408#0: lua_code_cache is off; this will hurt performance in /home/software/openresty-lua/nginx.conf:11
2017/09/15 13:06:21 [alert] 18528#0: lua_code_cache is off; this will hurt performance in /home/software/openresty-lua/nginx.conf:11
2017/09/15 13:08:43 [alert] 18685#0: lua_code_cache is off; this will hurt performance in /home/software/openresty-lua/nginx.conf:11
2017/09/15 13:21:06 [alert] 19443#0: lua_code_cache is off; this will hurt performance in /home/software/openresty-lua/nginx.conf:11
2017/09/15 13:22:22 [alert] 19538#0: lua_code_cache is off; this will hurt performance in /home/software/openresty-lua/nginx.conf:11
2017/09/15 13:27:45 [alert] 19774#0: lua_code_cache is off; this will hurt performance in /home/software/openresty-lua/nginx.conf:11
2017/09/19 09:22:52 [alert] 5293#0: lua_code_cache is off; this will hurt performance in /home/software/openresty-lua/nginx.conf:11
2017/09/19 09:58:40 [alert] 8591#0: lua_code_cache is off; this will hurt performance in /home/software/openresty-lua/nginx.conf:11
2017/09/19 10:00:31 [alert] 8738#0: lua_code_cache is off; this will hurt performance in /home/software/openresty-lua/nginx.conf:11
2017/09/20 09:51:45 [alert] 3883#0: lua_code_cache is off; this will hurt performance in /home/software/openresty-lua/nginx.conf:11
2017/09/21 09:42:25 [alert] 4219#0: lua_code_cache is off; this will hurt performance in /home/software/openresty-lua/nginx.conf:11
2017/09/22 10:28:43 [alert] 4841#0: lua_code_cache is off; this will hurt performance in /home/software/openresty-lua/nginx.conf:11
2017/09/22 14:32:33 [alert] 4040#0: lua_code_cache is off; this will hurt performance in /home/software/openresty-lua/nginx.conf:11
2017/09/24 12:23:14 [alert] 3787#0: lua_code_cache is off; this will hurt performance in /home/software/openresty-lua/nginx.conf:11
2017/09/25 09:52:45 [alert] 6088#0: lua_code_cache is off; this will hurt performance in /home/software/openresty-lua/nginx.conf:11
2017/09/26 09:54:52 [alert] 4706#0: lua_code_cache is off; this will hurt performance in /home/software/openresty-lua/nginx.conf:11
2017/09/27 10:46:57 [alert] 5115#0: lua_code_cache is off; this will hurt performance in /home/software/openresty-lua/nginx.conf:11
2017/09/27 17:52:36 [alert] 21954#0: lua_code_cache is off; this will hurt performance in /home/software/openresty-lua/nginx.conf:11
2017/09/27 18:08:02 [alert] 22583#0: lua_code_cache is off; this will hurt performance in /home/software/openresty-lua/nginx.conf:11
2017/09/27 19:01:09 [alert] 24504#0: lua_code_cache is off; this will hurt performance in /home/software/openresty-lua/nginx.conf:11
2017/09/27 19:06:31 [alert] 24772#0: lua_code_cache is off; this will hurt performance in /home/software/openresty-lua/nginx.conf:11
2017/09/28 10:21:24 [alert] 5676#0: lua_code_cache is off; this will hurt performance in /home/software/openresty-lua/nginx.conf:11
2017/09/28 11:01:18 [alert] 8939#0: lua_code_cache is off; this will hurt performance in /home/software/openresty-lua/nginx.conf:11
2017/09/28 11:03:57 [alert] 9172#0: lua_code_cache is off; this will hurt performance in /home/software/openresty-lua/nginx.conf:11
2017/09/28 11:04:41 [alert] 9259#0: lua_code_cache is off; this will hurt performance in /home/software/openresty-lua/nginx.conf:11
2017/09/28 12:02:34 [alert] 11122#0: lua_code_cache is off; this will hurt performance in /home/software/openresty-lua/nginx.conf:11
2017/09/28 15:48:45 [alert] 23130#0: lua_code_cache is off; this will hurt performance in /home/software/openresty-lua/nginx.conf:11
2017/09/28 15:50:11 [alert] 23238#0: lua_code_cache is off; this will hurt performance in /home/software/openresty-lua/nginx.conf:11
2017/09/28 16:00:44 [alert] 24060#0: lua_code_cache is off; this will hurt performance in /home/software/openresty-lua/nginx.conf:11
2017/09/28 16:02:34 [alert] 24287#0: lua_code_cache is off; this will hurt performance in /home/software/openresty-lua/nginx.conf:11
2017/09/28 16:17:30 [alert] 25018#0: lua_code_cache is off; this will hurt performance in /home/software/openresty-lua/nginx.conf:11
2017/09/28 16:20:27 [alert] 25218#0: lua_code_cache is off; this will hurt performance in /home/software/openresty-lua/nginx.conf:11
2017/09/28 16:21:06 [alert] 25284#0: lua_code_cache is off; this will hurt performance in /home/software/openresty-lua/nginx.conf:11
2017/09/28 16:24:44 [alert] 25548#0: lua_code_cache is off; this will hurt performance in /home/software/openresty-lua/nginx.conf:11
2017/09/28 17:02:17 [alert] 27343#0: lua_code_cache is off; this will hurt performance in /home/software/openresty-lua/nginx.conf:11
2017/09/28 17:04:19 [alert] 27500#0: lua_code_cache is off; this will hurt performance in /home/software/openresty-lua/nginx.conf:11
2017/09/28 17:08:32 [alert] 27692#0: lua_code_cache is off; this will hurt performance in /home/software/openresty-lua/nginx.conf:11
2017/09/28 17:12:15 [alert] 27932#0: lua_code_cache is off; this will hurt performance in /home/software/openresty-lua/nginx.conf:11
2017/09/29 09:53:21 [alert] 5303#0: lua_code_cache is off; this will hurt performance in /home/software/openresty-lua/nginx.conf:11
2017/09/29 12:07:59 [alert] 19066#0: lua_code_cache is off; this will hurt performance in /home/software/openresty-lua/nginx.conf:11
2017/09/29 12:17:26 [alert] 23706#0: lua_code_cache is off; this will hurt performance in /home/software/openresty-lua/nginx.conf:11
2017/09/29 12:17:39 [alert] 23722#0: lua_code_cache is off; this will hurt performance in /home/software/openresty-lua/nginx.conf:11
2017/09/29 14:44:08 [alert] 13108#0: lua_code_cache is off; this will hurt performance in /home/software/openresty-lua/nginx.conf:11
2017/09/29 15:09:04 [alert] 25616#0: lua_code_cache is off; this will hurt performance in /home/software/openresty-lua/nginx.conf:11
2017/09/29 15:15:04 [alert] 27975#0: lua_code_cache is off; this will hurt performance in /home/software/openresty-lua/nginx.conf:11
2017/09/29 15:15:56 [alert] 28061#0: lua_code_cache is off; this will hurt performance in /home/software/openresty-lua/nginx.conf:11
2017/10/03 10:00:36 [alert] 5094#0: lua_code_cache is off; this will hurt performance in /home/software/openresty-lua/nginx.conf:11
2017/10/03 15:23:06 [alert] 24342#0: lua_code_cache is off; this will hurt performance in /home/software/openresty-lua/nginx.conf:11
2017/10/04 09:52:57 [alert] 4460#0: lua_code_cache is off; this will hurt performance in /home/software/openresty-lua/nginx.conf:11
2017/10/05 11:25:25 [alert] 25515#0: lua_code_cache is off; this will hurt performance in /home/software/openresty-lua/nginx.conf:11
2017/10/05 12:31:36 [alert] 3403#0: lua_code_cache is off; this will hurt performance in /home/software/openresty-lua/nginx.conf:11
2017/10/05 12:32:25 [alert] 3465#0: lua_code_cache is off; this will hurt performance in /home/software/openresty-lua/nginx.conf:11
2017/10/05 12:34:31 [alert] 3721#0: lua_code_cache is off; this will hurt performance in /home/software/openresty-lua/nginx.conf:11
2017/10/05 14:24:43 [alert] 10478#0: lua_code_cache is off; this will hurt performance in /home/software/openresty-lua/nginx.conf:11
2017/10/05 14:26:10 [alert] 10817#0: lua_code_cache is off; this will hurt performance in /home/software/openresty-lua/nginx.conf:11
2017/10/05 14:28:08 [alert] 11024#0: lua_code_cache is off; this will hurt performance in /home/software/openresty-lua/nginx.conf:11
2017/10/05 14:31:54 [alert] 11210#0: lua_code_cache is off; this will hurt performance in /home/software/openresty-lua/nginx.conf:11
2017/10/05 14:39:03 [alert] 11792#0: lua_code_cache is off; this will hurt performance in /home/software/openresty-lua/nginx.conf:11
2017/10/05 14:41:56 [alert] 12086#0: lua_code_cache is off; this will hurt performance in /home/software/openresty-lua/nginx.conf:11
2017/10/05 14:42:18 [alert] 12162#0: lua_code_cache is off; this will hurt performance in /home/software/openresty-lua/nginx.conf:11
2017/10/05 14:42:51 [alert] 12212#0: lua_code_cache is off; this will hurt performance in /home/software/openresty-lua/nginx.conf:11
2017/10/05 14:43:11 [alert] 12248#0: lua_code_cache is off; this will hurt performance in /home/software/openresty-lua/nginx.conf:11
2017/10/05 14:54:17 [alert] 13430#0: lua_code_cache is off; this will hurt performance in /home/software/openresty-lua/nginx.conf:11
2017/10/05 14:55:53 [alert] 13542#0: lua_code_cache is off; this will hurt performance in /home/software/openresty-lua/nginx.conf:11
2017/10/05 14:58:10 [alert] 13688#0: lua_code_cache is off; this will hurt performance in /home/software/openresty-lua/nginx.conf:11
2017/10/05 14:58:43 [alert] 13749#0: lua_code_cache is off; this will hurt performance in /home/software/openresty-lua/nginx.conf:11
2017/10/05 15:01:29 [alert] 13903#0: lua_code_cache is off; this will hurt performance in /home/software/openresty-lua/nginx.conf:11
2017/10/05 15:02:02 [alert] 13969#0: lua_code_cache is off; this will hurt performance in /home/software/openresty-lua/nginx.conf:11
2017/10/05 15:02:43 [alert] 14043#0: lua_code_cache is off; this will hurt performance in /home/software/openresty-lua/nginx.conf:11
2017/10/05 15:04:01 [alert] 14141#0: lua_code_cache is off; this will hurt performance in /home/software/openresty-lua/nginx.conf:11
2017/10/05 15:11:42 [alert] 14571#0: lua_code_cache is off; this will hurt performance in /home/software/openresty-lua/nginx.conf:11
2017/10/05 18:18:27 [alert] 26723#0: lua_code_cache is off; this will hurt performance in /home/software/openresty-lua/nginx.conf:11
2017/10/06 09:36:19 [alert] 4935#0: lua_code_cache is off; this will hurt performance in /home/software/openresty-lua/nginx.conf:11
2017/10/06 12:05:54 [alert] 11398#0: lua_code_cache is off; this will hurt performance in /home/software/openresty-lua/nginx.conf:11
2017/10/06 15:33:56 [alert] 25770#0: lua_code_cache is off; this will hurt performance in /home/software/openresty-lua/nginx.conf:11
2017/10/06 15:35:59 [alert] 25961#0: lua_code_cache is off; this will hurt performance in /home/software/openresty-lua/nginx.conf:11
2017/10/06 15:37:42 [alert] 26159#0: lua_code_cache is off; this will hurt performance in /home/software/openresty-lua/nginx.conf:11
2017/10/06 17:25:58 [alert] 2448#0: lua_code_cache is off; this will hurt performance in /home/software/openresty-lua/nginx.conf:11
2017/10/11 09:32:25 [alert] 4410#0: lua_code_cache is off; this will hurt performance in /home/software/openresty-lua/nginx.conf:11
2017/10/11 09:35:00 [alert] 4825#0: lua_code_cache is off; this will hurt performance in /home/software/openresty-lua/nginx.conf:11
2017/10/11 09:42:00 [alert] 6003#0: lua_code_cache is off; this will hurt performance in /home/software/openresty-lua/nginx.conf:11
2017/10/11 10:00:00 [alert] 6975#0: lua_code_cache is off; this will hurt performance in /home/software/openresty-lua/nginx.conf:11
2017/10/11 11:02:17 [alert] 11501#0: lua_code_cache is off; this will hurt performance in /home/software/openresty-lua/nginx.conf:11
2017/10/11 11:04:15 [alert] 11585#0: lua_code_cache is off; this will hurt performance in /home/software/openresty-lua/nginx.conf:11
2017/10/11 11:05:30 [alert] 11709#0: lua_code_cache is off; this will hurt performance in /home/software/openresty-lua/nginx.conf:11
2017/10/11 11:08:42 [alert] 12110#0: lua_code_cache is off; this will hurt performance in /home/software/openresty-lua/nginx.conf:11
2017/10/11 11:09:34 [alert] 12364#0: lua_code_cache is off; this will hurt performance in /home/software/openresty-lua/nginx.conf:11
2017/10/11 11:11:15 [alert] 12928#0: lua_code_cache is off; this will hurt performance in /home/software/openresty-lua/nginx.conf:11
2017/10/11 11:11:55 [alert] 13088#0: lua_code_cache is off; this will hurt performance in /home/software/openresty-lua/nginx.conf:11
2017/10/11 11:20:53 [alert] 13727#0: lua_code_cache is off; this will hurt performance in /home/software/openresty-lua/nginx.conf:11
2017/10/11 11:23:52 [alert] 14326#0: lua_code_cache is off; this will hurt performance in /home/software/openresty-lua/nginx.conf:11
2017/10/11 11:37:46 [alert] 16172#0: lua_code_cache is off; this will hurt performance in /home/software/openresty-lua/nginx.conf:11
2017/10/11 14:38:57 [alert] 22579#0: lua_code_cache is off; this will hurt performance in /home/software/openresty-lua/nginx.conf:11
2017/10/11 14:40:13 [alert] 22772#0: lua_code_cache is off; this will hurt performance in /home/software/openresty-lua/nginx.conf:11
2017/10/11 14:41:03 [alert] 22884#0: lua_code_cache is off; this will hurt performance in /home/software/openresty-lua/nginx.conf:11
2017/10/11 14:43:26 [alert] 23027#0: lua_code_cache is off; this will hurt performance in /home/software/openresty-lua/nginx.conf:11
2017/10/11 14:44:22 [alert] 23136#0: lua_code_cache is off; this will hurt performance in /home/software/openresty-lua/nginx.conf:11
2017/10/11 15:01:08 [alert] 24031#0: lua_code_cache is off; this will hurt performance in /home/software/openresty-lua/nginx.conf:11
2017/10/11 15:01:48 [alert] 24130#0: lua_code_cache is off; this will hurt performance in /home/software/openresty-lua/nginx.conf:11
2017/10/11 15:03:12 [alert] 24259#0: lua_code_cache is off; this will hurt performance in /home/software/openresty-lua/nginx.conf:11
2017/10/11 15:04:18 [alert] 24332#0: lua_code_cache is off; this will hurt performance in /home/software/openresty-lua/nginx.conf:11
2017/10/11 16:44:39 [alert] 31422#0: lua_code_cache is off; this will hurt performance in /home/software/openresty-lua/nginx.conf:11
2017/10/11 16:45:06 [alert] 31500#0: lua_code_cache is off; this will hurt performance in /home/software/openresty-lua/nginx.conf:11
2017/10/11 17:05:58 [alert] 1264#0: lua_code_cache is off; this will hurt performance in /home/software/openresty-lua/nginx.conf:11
2017/10/11 17:08:06 [alert] 1781#0: lua_code_cache is off; this will hurt performance in /home/software/openresty-lua/nginx.conf:11
2017/10/12 09:35:28 [alert] 4646#0: lua_code_cache is off; this will hurt performance in /home/software/openresty-lua/nginx.conf:11
2017/10/12 14:35:14 [alert] 3932#0: lua_code_cache is off; this will hurt performance in /home/software/openresty-lua/nginx.conf:11
2017/10/13 09:40:19 [alert] 4797#0: lua_code_cache is off; this will hurt performance in /home/software/openresty-lua/nginx.conf:11
2017/10/13 16:02:16 [alert] 28234#0: lua_code_cache is off; this will hurt performance in /home/software/openresty-lua/nginx.conf:11
2017/10/13 16:09:37 [alert] 29580#0: lua_code_cache is off; this will hurt performance in /home/software/openresty-lua/nginx.conf:11
2017/10/13 16:13:43 [alert] 30723#0: lua_code_cache is off; this will hurt performance in /home/software/openresty-lua/nginx.conf:11
2017/10/13 16:14:43 [alert] 30833#0: lua_code_cache is off; this will hurt performance in /home/software/openresty-lua/nginx.conf:11
2017/10/15 09:35:55 [alert] 5873#0: lua_code_cache is off; this will hurt performance in /home/software/openresty-lua/nginx.conf:11
2017/10/16 10:26:52 [alert] 16102#0: lua_code_cache is off; this will hurt performance in /home/software/openresty-lua/nginx.conf:11
2017/10/17 09:39:36 [alert] 5200#0: lua_code_cache is off; this will hurt performance in /home/software/openresty-lua/nginx.conf:11
2017/10/17 12:01:19 [alert] 15152#0: lua_code_cache is off; this will hurt performance in /home/software/openresty-lua/nginx.conf:11
2017/10/17 17:25:38 [alert] 29079#0: lua_code_cache is off; this will hurt performance in /home/software/openresty-lua/nginx.conf:11
2017/10/17 17:29:03 [alert] 29570#0: lua_code_cache is off; this will hurt performance in /home/software/openresty-lua/nginx.conf:11
2017/10/18 10:00:08 [alert] 5066#0: lua_code_cache is off; this will hurt performance in /home/software/openresty-lua/nginx.conf:11
2017/10/23 10:09:45 [alert] 4192#0: lua_code_cache is off; this will hurt performance in /home/software/openresty-lua/nginx.conf:11
2017/10/23 12:19:09 [alert] 26650#0: lua_code_cache is off; this will hurt performance in /home/software/openresty-lua/nginx.conf:11
2017/10/23 15:31:40 [alert] 11380#0: lua_code_cache is off; this will hurt performance in /home/software/openresty-lua/nginx.conf:11
2017/10/23 15:59:08 [alert] 31183#0: lua_code_cache is off; this will hurt performance in /home/software/openresty-lua/nginx.conf:11
2017/10/23 16:00:26 [alert] 31288#0: lua_code_cache is off; this will hurt performance in /home/software/openresty-lua/nginx.conf:11
2017/10/23 16:01:21 [alert] 31468#0: lua_code_cache is off; this will hurt performance in /home/software/openresty-lua/nginx.conf:11
2017/10/23 16:02:27 [alert] 31601#0: lua_code_cache is off; this will hurt performance in /home/software/openresty-lua/nginx.conf:11
2017/10/23 16:53:23 [alert] 8190#0: lua_code_cache is off; this will hurt performance in /home/software/openresty-lua/nginx.conf:11
2017/10/24 09:52:49 [alert] 6147#0: lua_code_cache is off; this will hurt performance in /home/software/openresty-lua/nginx.conf:11
2017/10/24 12:28:12 [alert] 13844#0: lua_code_cache is off; this will hurt performance in /home/software/openresty-lua/nginx.conf:11
2017/10/24 12:29:11 [alert] 13985#0: lua_code_cache is off; this will hurt performance in /home/software/openresty-lua/nginx.conf:11
2017/10/24 14:13:34 [alert] 18692#0: lua_code_cache is off; this will hurt performance in /home/software/openresty-lua/nginx.conf:11
2017/10/24 14:21:29 [alert] 19398#0: lua_code_cache is off; this will hurt performance in /home/software/openresty-lua/nginx.conf:11
2017/10/25 09:59:32 [alert] 5935#0: lua_code_cache is off; this will hurt performance in /home/software/openresty-lua/nginx.conf:11
2017/10/25 15:04:55 [alert] 15951#0: lua_code_cache is off; this will hurt performance in /home/software/openresty-lua/nginx.conf:11
2017/10/25 17:02:14 [alert] 20433#0: lua_code_cache is off; this will hurt performance in /home/software/openresty-lua/nginx.conf:11
2017/10/26 10:01:49 [alert] 5614#0: lua_code_cache is off; this will hurt performance in /home/software/openresty-lua/nginx.conf:11
2017/10/26 14:09:32 [alert] 4056#0: lua_code_cache is off; this will hurt performance in /home/software/openresty-lua/nginx.conf:11
2017/10/26 15:32:08 [alert] 3881#0: lua_code_cache is off; this will hurt performance in /home/software/openresty-lua/nginx.conf:11
2017/10/26 16:15:49 [alert] 3331#0: lua_code_cache is off; this will hurt performance in /home/software/openresty-lua/nginx.conf:11
2017/10/27 09:42:41 [alert] 6448#0: lua_code_cache is off; this will hurt performance in /home/software/openresty-lua/nginx.conf:11
2017/10/27 11:32:01 [alert] 10666#0: lua_code_cache is off; this will hurt performance in /home/software/openresty-lua/nginx.conf:11
2017/10/27 11:32:53 [alert] 10754#0: lua_code_cache is off; this will hurt performance in /home/software/openresty-lua/nginx.conf:11
2017/10/27 11:33:35 [alert] 10873#0: lua_code_cache is off; this will hurt performance in /home/software/openresty-lua/nginx.conf:11
2017/10/27 11:34:17 [alert] 10930#0: lua_code_cache is off; this will hurt performance in /home/software/openresty-lua/nginx.conf:11
2017/10/27 11:49:14 [alert] 11660#0: lua_code_cache is off; this will hurt performance in /home/software/openresty-lua/nginx.conf:11
2017/10/30 10:11:39 [alert] 4859#0: lua_code_cache is off; this will hurt performance in /home/software/openresty-lua/nginx.conf:11
2017/10/30 10:31:27 [alert] 5670#0: lua_code_cache is off; this will hurt performance in /home/software/openresty-lua/nginx.conf:11
2017/10/30 10:35:11 [alert] 5906#0: lua_code_cache is off; this will hurt performance in /home/software/openresty-lua/nginx.conf:11
2017/10/30 10:36:25 [alert] 6013#0: lua_code_cache is off; this will hurt performance in /home/software/openresty-lua/nginx.conf:11
2017/10/30 10:55:35 [alert] 6629#0: lua_code_cache is off; this will hurt performance in /home/software/openresty-lua/nginx.conf:11
2017/10/30 11:58:09 [alert] 8412#0: lua_code_cache is off; this will hurt performance in /home/software/openresty-lua/nginx.conf:11
2017/10/30 12:01:24 [alert] 8626#0: lua_code_cache is off; this will hurt performance in /home/software/openresty-lua/nginx.conf:11
2017/10/30 12:02:22 [alert] 8710#0: lua_code_cache is off; this will hurt performance in /home/software/openresty-lua/nginx.conf:11
2017/10/30 12:03:48 [alert] 8810#0: lua_code_cache is off; this will hurt performance in /home/software/openresty-lua/nginx.conf:11
2017/10/30 12:06:17 [alert] 9051#0: lua_code_cache is off; this will hurt performance in /home/software/openresty-lua/nginx.conf:11
2017/10/30 12:18:34 [alert] 9479#0: lua_code_cache is off; this will hurt performance in /home/software/openresty-lua/nginx.conf:11
2017/10/30 12:25:11 [alert] 9680#0: lua_code_cache is off; this will hurt performance in /home/software/openresty-lua/nginx.conf:11
2017/10/30 12:29:41 [alert] 9826#0: lua_code_cache is off; this will hurt performance in /home/software/openresty-lua/nginx.conf:11
2017/10/30 12:31:18 [alert] 9921#0: lua_code_cache is off; this will hurt performance in /home/software/openresty-lua/nginx.conf:11
2017/10/30 12:32:58 [alert] 10057#0: lua_code_cache is off; this will hurt performance in /home/software/openresty-lua/nginx.conf:11
2017/10/30 12:34:14 [alert] 10237#0: lua_code_cache is off; this will hurt performance in /home/software/openresty-lua/nginx.conf:11
2017/10/30 14:08:38 [alert] 13028#0: lua_code_cache is off; this will hurt performance in /home/software/openresty-lua/nginx.conf:11
2017/10/30 14:10:09 [alert] 13187#0: lua_code_cache is off; this will hurt performance in /home/software/openresty-lua/nginx.conf:11
2017/10/30 14:13:46 [alert] 13436#0: lua_code_cache is off; this will hurt performance in /home/software/openresty-lua/nginx.conf:11
2017/10/30 14:16:39 [alert] 13642#0: lua_code_cache is off; this will hurt performance in /home/software/openresty-lua/nginx.conf:11
2017/10/30 14:26:37 [alert] 13917#0: lua_code_cache is off; this will hurt performance in /home/software/openresty-lua/nginx.conf:11
2017/10/30 15:10:40 [alert] 15685#0: lua_code_cache is off; this will hurt performance in /home/software/openresty-lua/nginx.conf:11
2017/10/30 15:21:12 [alert] 16920#0: lua_code_cache is off; this will hurt performance in /home/software/openresty-lua/nginx.conf:11
2017/10/30 18:45:19 [alert] 28494#0: lua_code_cache is off; this will hurt performance in /home/software/openresty-lua/nginx.conf:11
2017/10/31 10:25:47 [alert] 5786#0: lua_code_cache is off; this will hurt performance in /home/software/openresty-lua/nginx.conf:11
2017/10/31 14:25:05 [alert] 4314#0: lua_code_cache is off; this will hurt performance in /home/software/openresty-lua/nginx.conf:11
2017/11/01 09:44:49 [alert] 8353#0: lua_code_cache is off; this will hurt performance in /home/software/openresty-lua/nginx.conf:11
2017/11/01 11:05:47 [alert] 12622#0: lua_code_cache is off; this will hurt performance in /home/software/openresty-lua/nginx.conf:11
2017/11/01 11:06:40 [alert] 12824#0: lua_code_cache is off; this will hurt performance in /home/software/openresty-lua/nginx.conf:11
2017/11/01 11:07:23 [alert] 12976#0: lua_code_cache is off; this will hurt performance in /home/software/openresty-lua/nginx.conf:11
2017/11/01 11:10:29 [alert] 13660#0: lua_code_cache is off; this will hurt performance in /home/software/openresty-lua/nginx.conf:11
2017/11/01 12:04:44 [alert] 4189#0: lua_code_cache is off; this will hurt performance in /home/software/openresty-lua/nginx.conf:11
2017/11/02 10:04:20 [alert] 10240#0: lua_code_cache is off; this will hurt performance in /home/software/openresty-lua/nginx.conf:11
2017/11/02 15:43:56 [alert] 26084#0: lua_code_cache is off; this will hurt performance in /home/software/openresty-lua/nginx.conf:11
2017/11/03 09:47:22 [alert] 5075#0: lua_code_cache is off; this will hurt performance in /home/software/openresty-lua/nginx.conf:11
2017/11/03 11:16:43 [alert] 9713#0: lua_code_cache is off; this will hurt performance in /home/software/openresty-lua/nginx.conf:11
2017/11/03 11:38:18 [alert] 11100#0: lua_code_cache is off; this will hurt performance in /home/software/openresty-lua/nginx.conf:11
2017/11/03 11:45:32 [alert] 11627#0: lua_code_cache is off; this will hurt performance in /home/software/openresty-lua/nginx.conf:11
2017/11/03 11:45:32 [emerg] 11627#0: unknown directive "ngx.header.content_type" in /home/software/openresty-lua/nginx.conf:39
2017/11/03 11:46:16 [alert] 11733#0: lua_code_cache is off; this will hurt performance in /home/software/openresty-lua/nginx.conf:11
2017/11/06 09:39:07 [alert] 7552#0: lua_code_cache is off; this will hurt performance in /home/software/openresty-lua/nginx.conf:11
2017/11/06 09:54:05 [alert] 3996#0: lua_code_cache is off; this will hurt performance in /home/software/openresty-lua/nginx.conf:11
2017/11/07 09:50:30 [alert] 5384#0: lua_code_cache is off; this will hurt performance in /home/software/openresty-lua/nginx.conf:11
2017/11/08 10:13:35 [alert] 10082#0: lua_code_cache is off; this will hurt performance in /home/software/openresty-lua/nginx.conf:11
2017/11/09 10:01:45 [alert] 4916#0: lua_code_cache is off; this will hurt performance in /home/software/openresty-lua/nginx.conf:11
2017/11/09 14:24:47 [alert] 21274#0: lua_code_cache is off; this will hurt performance in /home/software/openresty-lua/nginx.conf:11
2017/11/10 10:41:01 [alert] 7719#0: lua_code_cache is off; this will hurt performance in /home/software/openresty-lua/nginx.conf:11
2017/11/13 10:06:28 [alert] 10845#0: lua_code_cache is off; this will hurt performance in /home/software/openresty-lua/nginx.conf:11
2017/11/14 08:56:34 [alert] 5258#0: lua_code_cache is off; this will hurt performance in /home/software/openresty-lua/nginx.conf:11
2017/11/14 12:06:40 [alert] 17015#0: lua_code_cache is off; this will hurt performance in /home/software/openresty-lua/nginx.conf:11
2017/11/14 12:08:26 [alert] 17152#0: lua_code_cache is off; this will hurt performance in /home/software/openresty-lua/nginx.conf:11
2017/11/14 12:08:47 [alert] 17209#0: lua_code_cache is off; this will hurt performance in /home/software/openresty-lua/nginx.conf:11
2017/11/14 17:37:05 [alert] 32433#0: lua_code_cache is off; this will hurt performance in /home/software/openresty-lua/nginx.conf:11
2017/11/15 10:17:04 [alert] 6532#0: lua_code_cache is off; this will hurt performance in /home/software/openresty-lua/nginx.conf:11
2017/11/15 12:56:41 [alert] 15095#0: lua_code_cache is off; this will hurt performance in /home/software/openresty-lua/nginx.conf:11
2017/11/16 10:00:36 [alert] 6236#0: lua_code_cache is off; this will hurt performance in /home/software/github/openresty-lua/nginx.conf:11
2017/11/17 08:47:03 [alert] 5672#0: lua_code_cache is off; this will hurt performance in /home/software/github/openresty-lua/nginx.conf:11
